[2025-09-24 16:39:41 - sqlalchemy.engine.Engine:1099 - INFO] BEGIN (implicit)
[2025-09-24 16:39:41 - sqlalchemy.engine.Engine:1899 - INFO] DESCRIBE `data_bank`.`tenant`
[2025-09-24 16:39:41 - sqlalchemy.engine.Engine:1904 - INFO] [raw sql] {}
[2025-09-24 16:39:41 - sqlalchemy.engine.Engine:1899 - INFO] DESCRIBE `data_bank`.`kb_graph`
[2025-09-24 16:39:41 - sqlalchemy.engine.Engine:1904 - INFO] [raw sql] {}
[2025-09-24 16:39:41 - sqlalchemy.engine.Engine:1899 - INFO] DESCRIBE `data_bank`.`kb_graph_node`
[2025-09-24 16:39:41 - sqlalchemy.engine.Engine:1904 - INFO] [raw sql] {}
[2025-09-24 16:39:41 - sqlalchemy.engine.Engine:1899 - INFO] DESCRIBE `data_bank`.`kb_graph_edge`
[2025-09-24 16:39:41 - sqlalchemy.engine.Engine:1904 - INFO] [raw sql] {}
[2025-09-24 16:39:41 - sqlalchemy.engine.Engine:1899 - INFO] DESCRIBE `data_bank`.`acl_control`
[2025-09-24 16:39:41 - sqlalchemy.engine.Engine:1904 - INFO] [raw sql] {}
[2025-09-24 16:39:41 - sqlalchemy.engine.Engine:1899 - INFO] DESCRIBE `data_bank`.`capsule_claims`
[2025-09-24 16:39:41 - sqlalchemy.engine.Engine:1904 - INFO] [raw sql] {}
[2025-09-24 16:39:41 - sqlalchemy.engine.Engine:1899 - INFO] DESCRIBE `data_bank`.`capsules`
[2025-09-24 16:39:41 - sqlalchemy.engine.Engine:1904 - INFO] [raw sql] {}
[2025-09-24 16:39:41 - sqlalchemy.engine.Engine:1899 - INFO] DESCRIBE `data_bank`.`capsule_additional_props`
[2025-09-24 16:39:41 - sqlalchemy.engine.Engine:1904 - INFO] [raw sql] {}
[2025-09-24 16:39:41 - sqlalchemy.engine.Engine:1899 - INFO] DESCRIBE `data_bank`.`privilege_type`
[2025-09-24 16:39:41 - sqlalchemy.engine.Engine:1904 - INFO] [raw sql] {}
[2025-09-24 16:39:41 - sqlalchemy.engine.Engine:1899 - INFO] DESCRIBE `data_bank`.`secret_key`
[2025-09-24 16:39:41 - sqlalchemy.engine.Engine:1904 - INFO] [raw sql] {}
[2025-09-24 16:39:41 - sqlalchemy.engine.Engine:1142 - INFO] COMMIT
[2025-09-24 16:43:42 - sqlalchemy.engine.Engine:1099 - INFO] BEGIN (implicit)
[2025-09-24 16:43:42 - sqlalchemy.engine.Engine:1899 - INFO] DESCRIBE `data_bank`.`tenant`
[2025-09-24 16:43:42 - sqlalchemy.engine.Engine:1904 - INFO] [raw sql] {}
[2025-09-24 16:43:42 - sqlalchemy.engine.Engine:1899 - INFO] DESCRIBE `data_bank`.`kb_graph`
[2025-09-24 16:43:42 - sqlalchemy.engine.Engine:1904 - INFO] [raw sql] {}
[2025-09-24 16:43:42 - sqlalchemy.engine.Engine:1899 - INFO] DESCRIBE `data_bank`.`kb_graph_node`
[2025-09-24 16:43:42 - sqlalchemy.engine.Engine:1904 - INFO] [raw sql] {}
[2025-09-24 16:43:42 - sqlalchemy.engine.Engine:1899 - INFO] DESCRIBE `data_bank`.`kb_graph_edge`
[2025-09-24 16:43:42 - sqlalchemy.engine.Engine:1904 - INFO] [raw sql] {}
[2025-09-24 16:43:42 - sqlalchemy.engine.Engine:1899 - INFO] DESCRIBE `data_bank`.`acl_control`
[2025-09-24 16:43:42 - sqlalchemy.engine.Engine:1904 - INFO] [raw sql] {}
[2025-09-24 16:43:42 - sqlalchemy.engine.Engine:1899 - INFO] DESCRIBE `data_bank`.`capsule_claims`
[2025-09-24 16:43:42 - sqlalchemy.engine.Engine:1904 - INFO] [raw sql] {}
[2025-09-24 16:43:42 - sqlalchemy.engine.Engine:1899 - INFO] DESCRIBE `data_bank`.`capsules`
[2025-09-24 16:43:42 - sqlalchemy.engine.Engine:1904 - INFO] [raw sql] {}
[2025-09-24 16:43:42 - sqlalchemy.engine.Engine:1899 - INFO] DESCRIBE `data_bank`.`capsule_additional_props`
[2025-09-24 16:43:42 - sqlalchemy.engine.Engine:1904 - INFO] [raw sql] {}
[2025-09-24 16:43:42 - sqlalchemy.engine.Engine:1899 - INFO] DESCRIBE `data_bank`.`privilege_type`
[2025-09-24 16:43:42 - sqlalchemy.engine.Engine:1904 - INFO] [raw sql] {}
[2025-09-24 16:43:42 - sqlalchemy.engine.Engine:1899 - INFO] DESCRIBE `data_bank`.`secret_key`
[2025-09-24 16:43:42 - sqlalchemy.engine.Engine:1904 - INFO] [raw sql] {}
[2025-09-24 16:43:42 - sqlalchemy.engine.Engine:1142 - INFO] COMMIT
